build/app/intermediates/manifest_merge_blame_file/release/manifest-merger-blame-release-report.txt
1<?xml version="1.0" encoding="utf-8"?>
2<manifest xmlns:android="http://schemas.android.com/apk/res/android"
3    package="com.example.levantamento_campo"
4    android:versionCode="1001"
5    android:versionName="0.0.1" >
6
7    <uses-sdk
8        android:minSdkVersion="21"
9        android:targetSdkVersion="34" />
10    <!--
11         Required to query activities that can process text, see:
12         https://developer.android.com/training/package-visibility and
13         https://developer.android.com/reference/android/content/Intent#ACTION_PROCESS_TEXT.
14
15         In particular, this is used by the Flutter engine in io.flutter.plugin.text.ProcessTextPlugin.
16    -->
17    <queries>
17-->src\main\AndroidManifest.xml:39:5-44:15
18        <intent>
18-->src\main\AndroidManifest.xml:40:9-43:18
19            <action android:name="android.intent.action.PROCESS_TEXT" />
19-->src\main\AndroidManifest.xml:41:13-72
19-->src\main\AndroidManifest.xml:41:21-70
20
21            <data android:mimeType="text/plain" />
21-->src\main\AndroidManifest.xml:42:13-50
21-->src\main\AndroidManifest.xml:42:19-48
22        </intent>
23    </queries>
24
25    <uses-permission android:name="android.permission.camera" />
25-->src\main\AndroidManifest.xml:46:5-64
25-->src\main\AndroidManifest.xml:46:22-62
26    <uses-permission android:name="android.permission.WRITE_EXTERNAL_STORAGE" />
26-->src\main\AndroidManifest.xml:47:5-80
26-->src\main\AndroidManifest.xml:47:22-78
27    <uses-permission android:name="android.permission.ACCESS_FINE_LOCATION" />
27-->src\main\AndroidManifest.xml:48:5-78
27-->src\main\AndroidManifest.xml:48:22-76
28    <uses-permission android:name="android.permission.ACCESS_COARSE_LOCATION" />
28-->src\main\AndroidManifest.xml:49:5-80
28-->src\main\AndroidManifest.xml:49:22-78
29
30    <permission
30-->[androidx.core:core:1.13.1] AndroidManifest.xml:22:5-24:47
31        android:name="com.example.levantamento_campo.DYNAMIC_RECEIVER_NOT_EXPORTED_PERMISSION"
31-->[androidx.core:core:1.13.1] AndroidManifest.xml:23:9-81
32        android:protectionLevel="signature" />
32-->[androidx.core:core:1.13.1] AndroidManifest.xml:24:9-44
33
34    <uses-permission android:name="com.example.levantamento_campo.DYNAMIC_RECEIVER_NOT_EXPORTED_PERMISSION" />
34-->[androidx.core:core:1.13.1] AndroidManifest.xml:26:5-97
34-->[androidx.core:core:1.13.1] AndroidManifest.xml:26:22-94
35
36    <application
37        android:name="android.app.Application"
37-->src\main\AndroidManifest.xml:4:9-42
38        android:appComponentFactory="androidx.core.app.CoreComponentFactory"
38-->[androidx.core:core:1.13.1] AndroidManifest.xml:28:18-86
39        android:extractNativeLibs="true"
40        android:icon="@mipmap/ic_launcher"
40-->src\main\AndroidManifest.xml:5:9-43
41        android:label="Evvia - Sinalização" >
41-->src\main\AndroidManifest.xml:3:9-44
42        <activity
42-->src\main\AndroidManifest.xml:6:9-27:20
43            android:name="com.example.levantamento_campo.MainActivity"
43-->src\main\AndroidManifest.xml:7:13-41
44            android:configChanges="orientation|keyboardHidden|keyboard|screenSize|smallestScreenSize|locale|layoutDirection|fontScale|screenLayout|density|uiMode"
44-->src\main\AndroidManifest.xml:12:13-163
45            android:exported="true"
45-->src\main\AndroidManifest.xml:8:13-36
46            android:hardwareAccelerated="true"
46-->src\main\AndroidManifest.xml:13:13-47
47            android:launchMode="singleTop"
47-->src\main\AndroidManifest.xml:9:13-43
48            android:taskAffinity=""
48-->src\main\AndroidManifest.xml:10:13-36
49            android:theme="@style/LaunchTheme"
49-->src\main\AndroidManifest.xml:11:13-47
50            android:windowSoftInputMode="adjustResize" >
50-->src\main\AndroidManifest.xml:14:13-55
51
52            <!--
53                 Specifies an Android theme to apply to this Activity as soon as
54                 the Android process has started. This theme is visible to the user
55                 while the Flutter UI initializes. After that, this theme continues
56                 to determine the Window background behind the Flutter UI.
57            -->
58            <meta-data
58-->src\main\AndroidManifest.xml:19:13-22:17
59                android:name="io.flutter.embedding.android.NormalTheme"
59-->src\main\AndroidManifest.xml:20:15-70
60                android:resource="@style/NormalTheme" />
60-->src\main\AndroidManifest.xml:21:15-52
61
62            <intent-filter>
62-->src\main\AndroidManifest.xml:23:13-26:29
63                <action android:name="android.intent.action.MAIN" />
63-->src\main\AndroidManifest.xml:24:17-68
63-->src\main\AndroidManifest.xml:24:25-66
64
65                <category android:name="android.intent.category.LAUNCHER" />
65-->src\main\AndroidManifest.xml:25:17-76
65-->src\main\AndroidManifest.xml:25:27-74
66            </intent-filter>
67        </activity>
68        <!--
69             Don't delete the meta-data below.
70             This is used by the Flutter tool to generate GeneratedPluginRegistrant.java
71        -->
72        <meta-data
72-->src\main\AndroidManifest.xml:30:9-32:33
73            android:name="flutterEmbedding"
73-->src\main\AndroidManifest.xml:31:13-44
74            android:value="2" />
74-->src\main\AndroidManifest.xml:32:13-30
75
76        <provider
76-->[:image_picker_android] AndroidManifest.xml:9:9-17:20
77            android:name="io.flutter.plugins.imagepicker.ImagePickerFileProvider"
77-->[:image_picker_android] AndroidManifest.xml:10:13-82
78            android:authorities="com.example.levantamento_campo.flutter.image_provider"
78-->[:image_picker_android] AndroidManifest.xml:11:13-74
79            android:exported="false"
79-->[:image_picker_android] AndroidManifest.xml:12:13-37
80            android:grantUriPermissions="true" >
80-->[:image_picker_android] AndroidManifest.xml:13:13-47
81            <meta-data
81-->[:image_picker_android] AndroidManifest.xml:14:13-16:75
82                android:name="android.support.FILE_PROVIDER_PATHS"
82-->[:image_picker_android] AndroidManifest.xml:15:17-67
83                android:resource="@xml/flutter_image_picker_file_paths" />
83-->[:image_picker_android] AndroidManifest.xml:16:17-72
84        </provider> <!-- Trigger Google Play services to install the backported photo picker module. -->
85        <service
85-->[:image_picker_android] AndroidManifest.xml:19:9-31:19
86            android:name="com.google.android.gms.metadata.ModuleDependencies"
86-->[:image_picker_android] AndroidManifest.xml:20:13-78
87            android:enabled="false"
87-->[:image_picker_android] AndroidManifest.xml:21:13-36
88            android:exported="false" >
88-->[:image_picker_android] AndroidManifest.xml:22:13-37
89            <intent-filter>
89-->[:image_picker_android] AndroidManifest.xml:24:13-26:29
90                <action android:name="com.google.android.gms.metadata.MODULE_DEPENDENCIES" />
90-->[:image_picker_android] AndroidManifest.xml:25:17-94
90-->[:image_picker_android] AndroidManifest.xml:25:25-91
91            </intent-filter>
92
93            <meta-data
93-->[:image_picker_android] AndroidManifest.xml:28:13-30:36
94                android:name="photopicker_activity:0:required"
94-->[:image_picker_android] AndroidManifest.xml:29:17-63
95                android:value="" />
95-->[:image_picker_android] AndroidManifest.xml:30:17-33
96        </service>
97        <service
97-->[:geolocator_android] AndroidManifest.xml:8:9-12:56
98            android:name="com.baseflow.geolocator.GeolocatorLocationService"
98-->[:geolocator_android] AndroidManifest.xml:9:13-77
99            android:enabled="true"
99-->[:geolocator_android] AndroidManifest.xml:10:13-35
100            android:exported="false"
100-->[:geolocator_android] AndroidManifest.xml:11:13-37
101            android:foregroundServiceType="location" />
101-->[:geolocator_android] AndroidManifest.xml:12:13-53
102        <!--
103           Declares a provider which allows us to store files to share in
104           '.../caches/share_plus' and grant the receiving action access
105        -->
106        <provider
106-->[:share_plus] AndroidManifest.xml:13:9-21:20
107            android:name="dev.fluttercommunity.plus.share.ShareFileProvider"
107-->[:share_plus] AndroidManifest.xml:14:13-77
108            android:authorities="com.example.levantamento_campo.flutter.share_provider"
108-->[:share_plus] AndroidManifest.xml:15:13-74
109            android:exported="false"
109-->[:share_plus] AndroidManifest.xml:16:13-37
110            android:grantUriPermissions="true" >
110-->[:share_plus] AndroidManifest.xml:17:13-47
111            <meta-data
111-->[:image_picker_android] AndroidManifest.xml:14:13-16:75
112                android:name="android.support.FILE_PROVIDER_PATHS"
112-->[:image_picker_android] AndroidManifest.xml:15:17-67
113                android:resource="@xml/flutter_share_file_paths" />
113-->[:image_picker_android] AndroidManifest.xml:16:17-72
114        </provider>
115        <!--
116           This manifest declared broadcast receiver allows us to use an explicit
117           Intent when creating a PendingItent to be informed of the user's choice
118        -->
119        <receiver
119-->[:share_plus] AndroidManifest.xml:26:9-32:20
120            android:name="dev.fluttercommunity.plus.share.SharePlusPendingIntent"
120-->[:share_plus] AndroidManifest.xml:27:13-82
121            android:exported="false" >
121-->[:share_plus] AndroidManifest.xml:28:13-37
122            <intent-filter>
122-->[:share_plus] AndroidManifest.xml:29:13-31:29
123                <action android:name="EXTRA_CHOSEN_COMPONENT" />
123-->[:share_plus] AndroidManifest.xml:30:17-65
123-->[:share_plus] AndroidManifest.xml:30:25-62
124            </intent-filter>
125        </receiver>
126
127        <activity
127-->[com.google.android.gms:play-services-base:18.3.0] AndroidManifest.xml:20:9-22:45
128            android:name="com.google.android.gms.common.api.GoogleApiActivity"
128-->[com.google.android.gms:play-services-base:18.3.0] AndroidManifest.xml:20:19-85
129            android:exported="false"
129-->[com.google.android.gms:play-services-base:18.3.0] AndroidManifest.xml:22:19-43
130            android:theme="@android:style/Theme.Translucent.NoTitleBar" />
130-->[com.google.android.gms:play-services-base:18.3.0] AndroidManifest.xml:21:19-78
131
132        <meta-data
132-->[com.google.android.gms:play-services-basement:18.3.0] AndroidManifest.xml:21:9-23:69
133            android:name="com.google.android.gms.version"
133-->[com.google.android.gms:play-services-basement:18.3.0] AndroidManifest.xml:22:13-58
134            android:value="@integer/google_play_services_version" />
134-->[com.google.android.gms:play-services-basement:18.3.0] AndroidManifest.xml:23:13-66
135
136        <provider
136-->[androidx.emoji2:emoji2:1.2.0] AndroidManifest.xml:24:9-32:20
137            android:name="androidx.startup.InitializationProvider"
137-->[androidx.emoji2:emoji2:1.2.0] AndroidManifest.xml:25:13-67
138            android:authorities="com.example.levantamento_campo.androidx-startup"
138-->[androidx.emoji2:emoji2:1.2.0] AndroidManifest.xml:26:13-68
139            android:exported="false" >
139-->[androidx.emoji2:emoji2:1.2.0] AndroidManifest.xml:27:13-37
140            <meta-data
140-->[androidx.emoji2:emoji2:1.2.0] AndroidManifest.xml:29:13-31:52
141                android:name="androidx.emoji2.text.EmojiCompatInitializer"
141-->[androidx.emoji2:emoji2:1.2.0] AndroidManifest.xml:30:17-75
142                android:value="androidx.startup" />
142-->[androidx.emoji2:emoji2:1.2.0] AndroidManifest.xml:31:17-49
143            <meta-data
143-->[androidx.lifecycle:lifecycle-process:2.7.0] AndroidManifest.xml:29:13-31:52
144                android:name="androidx.lifecycle.ProcessLifecycleInitializer"
144-->[androidx.lifecycle:lifecycle-process:2.7.0] AndroidManifest.xml:30:17-78
145                android:value="androidx.startup" />
145-->[androidx.lifecycle:lifecycle-process:2.7.0] AndroidManifest.xml:31:17-49
146            <meta-data
146-->[androidx.profileinstaller:profileinstaller:1.3.1] AndroidManifest.xml:29:13-31:52
147                android:name="androidx.profileinstaller.ProfileInstallerInitializer"
147-->[androidx.profileinstaller:profileinstaller:1.3.1] AndroidManifest.xml:30:17-85
148                android:value="androidx.startup" />
148-->[androidx.profileinstaller:profileinstaller:1.3.1] AndroidManifest.xml:31:17-49
149        </provider>
150
151        <uses-library
151-->[androidx.window:window:1.2.0] AndroidManifest.xml:23:9-25:40
152            android:name="androidx.window.extensions"
152-->[androidx.window:window:1.2.0] AndroidManifest.xml:24:13-54
153            android:required="false" />
153-->[androidx.window:window:1.2.0] AndroidManifest.xml:25:13-37
154        <uses-library
154-->[androidx.window:window:1.2.0] AndroidManifest.xml:26:9-28:40
155            android:name="androidx.window.sidecar"
155-->[androidx.window:window:1.2.0] AndroidManifest.xml:27:13-51
156            android:required="false" />
156-->[androidx.window:window:1.2.0] AndroidManifest.xml:28:13-37
157
158        <receiver
158-->[androidx.profileinstaller:profileinstaller:1.3.1] AndroidManifest.xml:34:9-52:20
159            android:name="androidx.profileinstaller.ProfileInstallReceiver"
159-->[androidx.profileinstaller:profileinstaller:1.3.1] AndroidManifest.xml:35:13-76
160            android:directBootAware="false"
160-->[androidx.profileinstaller:profileinstaller:1.3.1] AndroidManifest.xml:36:13-44
161            android:enabled="true"
161-->[androidx.profileinstaller:profileinstaller:1.3.1] AndroidManifest.xml:37:13-35
162            android:exported="true"
162-->[androidx.profileinstaller:profileinstaller:1.3.1] AndroidManifest.xml:38:13-36
163            android:permission="android.permission.DUMP" >
163-->[androidx.profileinstaller:profileinstaller:1.3.1] AndroidManifest.xml:39:13-57
164            <intent-filter>
164-->[androidx.profileinstaller:profileinstaller:1.3.1] AndroidManifest.xml:40:13-42:29
165                <action android:name="androidx.profileinstaller.action.INSTALL_PROFILE" />
165-->[androidx.profileinstaller:profileinstaller:1.3.1] AndroidManifest.xml:41:17-91
165-->[androidx.profileinstaller:profileinstaller:1.3.1] AndroidManifest.xml:41:25-88
166            </intent-filter>
167            <intent-filter>
167-->[androidx.profileinstaller:profileinstaller:1.3.1] AndroidManifest.xml:43:13-45:29
168                <action android:name="androidx.profileinstaller.action.SKIP_FILE" />
168-->[androidx.profileinstaller:profileinstaller:1.3.1] AndroidManifest.xml:44:17-85
168-->[androidx.profileinstaller:profileinstaller:1.3.1] AndroidManifest.xml:44:25-82
169            </intent-filter>
170            <intent-filter>
170-->[androidx.profileinstaller:profileinstaller:1.3.1] AndroidManifest.xml:46:13-48:29
171                <action android:name="androidx.profileinstaller.action.SAVE_PROFILE" />
171-->[androidx.profileinstaller:profileinstaller:1.3.1] AndroidManifest.xml:47:17-88
171-->[androidx.profileinstaller:profileinstaller:1.3.1] AndroidManifest.xml:47:25-85
172            </intent-filter>
173            <intent-filter>
173-->[androidx.profileinstaller:profileinstaller:1.3.1] AndroidManifest.xml:49:13-51:29
174                <action android:name="androidx.profileinstaller.action.BENCHMARK_OPERATION" />
174-->[androidx.profileinstaller:profileinstaller:1.3.1] AndroidManifest.xml:50:17-95
174-->[androidx.profileinstaller:profileinstaller:1.3.1] AndroidManifest.xml:50:25-92
175            </intent-filter>
176        </receiver>
177    </application>
178
179</manifest>